<?xml version="1.0" encoding="UTF-8"?>
<!-- Generated by org.testng.reporters.JUnitReportReporter -->
<testsuite hostname="DT0868" failures="0" tests="11" name="testcase.LEFTSIDE_TEST" time="443.410" errors="0" timestamp="2023-09-29T10:54:17 IST" skipped="0">
  <testcase classname="testcase.LEFTSIDE_TEST" name="journal" time="40.140"/>
  <testcase classname="testcase.LEFTSIDE_TEST" name="articlid" time="40.128"/>
  <testcase classname="testcase.LEFTSIDE_TEST" name="volume" time="40.474"/>
  <testcase classname="testcase.LEFTSIDE_TEST" name="issue" time="40.406"/>
  <testcase classname="testcase.LEFTSIDE_TEST" name="articletype" time="40.054"/>
  <testcase classname="testcase.LEFTSIDE_TEST" name="printissn" time="40.441"/>
  <testcase classname="testcase.LEFTSIDE_TEST" name="onlineissn" time="40.485"/>
  <testcase classname="testcase.LEFTSIDE_TEST" name="articletitle" time="39.889"/>
  <testcase classname="testcase.LEFTSIDE_TEST" name="copyrights" time="40.256"/>
  <testcase classname="testcase.LEFTSIDE_TEST" name="receiveddate" time="40.415"/>
  <testcase classname="testcase.LEFTSIDE_TEST" name="accepteddate" time="40.722"/>
</testsuite> <!-- testcase.LEFTSIDE_TEST -->
