<?xml version="1.0" encoding="UTF-8"?>
<!-- Generated by org.testng.reporters.JUnitReportReporter -->
<testsuite hostname="DT0868" failures="0" tests="1" name="testcase.HOMEpagetest" time="16.220" errors="0" timestamp="2023-07-04T10:35:39 IST" skipped="0">
  <testcase classname="testcase.HOMEpagetest" name="mylist" time="16.220"/>
  <system-out/>
</testsuite> <!-- testcase.HOMEpagetest -->
