<?xml version="1.0" encoding="UTF-8"?>
<!-- Generated by org.testng.reporters.JUnitReportReporter -->
<testsuite hostname="DT0868" failures="0" tests="1" name="testcase.HOMEpagetest" time="135.589" errors="0" timestamp="2023-12-01T16:43:25 IST" skipped="0">
  <testcase classname="testcase.HOMEpagetest" name="abstractarea" time="135.589"/>
</testsuite> <!-- testcase.HOMEpagetest -->
