<?xml version="1.0" encoding="UTF-8"?>
<!-- Generated by org.testng.reporters.JUnitReportReporter -->
<testsuite hostname="DT0868" failures="0" tests="11" name="testcase.LEFTSIDE_TEST" time="480.152" errors="0" timestamp="2023-12-11T12:50:03 IST" skipped="0">
  <testcase classname="testcase.LEFTSIDE_TEST" name="journal" time="43.720"/>
  <testcase classname="testcase.LEFTSIDE_TEST" name="articlid" time="43.725"/>
  <testcase classname="testcase.LEFTSIDE_TEST" name="volume" time="43.624"/>
  <testcase classname="testcase.LEFTSIDE_TEST" name="issue" time="43.239"/>
  <testcase classname="testcase.LEFTSIDE_TEST" name="articletype" time="43.127"/>
  <testcase classname="testcase.LEFTSIDE_TEST" name="printissn" time="43.482"/>
  <testcase classname="testcase.LEFTSIDE_TEST" name="onlineissn" time="42.913"/>
  <testcase classname="testcase.LEFTSIDE_TEST" name="articletitle" time="43.754"/>
  <testcase classname="testcase.LEFTSIDE_TEST" name="copyrights" time="43.123"/>
  <testcase classname="testcase.LEFTSIDE_TEST" name="receiveddate" time="43.308"/>
  <testcase classname="testcase.LEFTSIDE_TEST" name="accepteddate" time="46.137"/>
</testsuite> <!-- testcase.LEFTSIDE_TEST -->
