<?xml version="1.0" encoding="UTF-8"?>
<!-- Generated by org.testng.reporters.JUnitReportReporter -->
<testsuite hostname="DT0868" failures="0" tests="1" name="testcase.RIGHTSIDE_test" time="112.663" errors="0" timestamp="2023-09-26T20:54:19 IST" skipped="0">
  <testcase classname="testcase.RIGHTSIDE_test" name="journal" time="112.663"/>
</testsuite> <!-- testcase.RIGHTSIDE_test -->
