<?xml version="1.0" encoding="UTF-8"?>
<!-- Generated by org.testng.reporters.JUnitReportReporter -->
<testsuite hostname="DT0868" failures="0" tests="12" name="testcase.RIGHTSIDE_test" time="2998.784" errors="0" timestamp="2023-10-05T15:45:39 IST" skipped="0">
  <testcase classname="testcase.RIGHTSIDE_test" name="authorqueries" time="224.982"/>
  <testcase classname="testcase.RIGHTSIDE_test" name="edithistory" time="46.775"/>
  <testcase classname="testcase.RIGHTSIDE_test" name="comments" time="56.101"/>
  <testcase classname="testcase.RIGHTSIDE_test" name="quicklink" time="121.563"/>
  <testcase classname="testcase.RIGHTSIDE_test" name="equationlink" time="56.036"/>
  <testcase classname="testcase.RIGHTSIDE_test" name="equationcitationlink" time="55.720"/>
  <testcase classname="testcase.RIGHTSIDE_test" name="figurelink" time="63.167"/>
  <testcase classname="testcase.RIGHTSIDE_test" name="figurelink123" time="113.463"/>
  <testcase classname="testcase.RIGHTSIDE_test" name="tablelink" time="72.149"/>
  <testcase classname="testcase.RIGHTSIDE_test" name="tablecitation" time="113.436"/>
  <testcase classname="testcase.RIGHTSIDE_test" name="reflink" time="649.783"/>
  <testcase classname="testcase.RIGHTSIDE_test" name="reflinkcitation" time="1425.609"/>
</testsuite> <!-- testcase.RIGHTSIDE_test -->
