<?xml version="1.0" encoding="UTF-8"?>
<!-- Generated by org.testng.reporters.JUnitReportReporter -->
<testsuite hostname="DT0868" failures="0" tests="2" name="testcase.HOMEpagetest" time="78.310" errors="0" timestamp="2023-09-29T10:54:17 IST" skipped="0">
  <testcase classname="testcase.HOMEpagetest" name="logovalidation" time="39.561"/>
  <testcase classname="testcase.HOMEpagetest" name="titlevalidation" time="38.749"/>
</testsuite> <!-- testcase.HOMEpagetest -->
