<?xml version="1.0" encoding="UTF-8"?>
<!-- Generated by org.testng.reporters.JUnitReportReporter -->
<testsuite hostname="DT0868" failures="0" tests="3" name="testcase.RIGHTSIDE_test" time="227.300" errors="0" timestamp="2023-09-29T15:59:08 IST" skipped="0">
  <testcase classname="testcase.RIGHTSIDE_test" name="authorqueries" time="136.137"/>
  <testcase classname="testcase.RIGHTSIDE_test" name="edithistory" time="42.855"/>
  <testcase classname="testcase.RIGHTSIDE_test" name="comments" time="48.308"/>
</testsuite> <!-- testcase.RIGHTSIDE_test -->
