<?xml version="1.0" encoding="UTF-8"?>
<!-- Generated by org.testng.reporters.JUnitReportReporter -->
<testsuite hostname="DT0868" failures="0" tests="2" name="testcase.HOMEpagetest" time="109.719" errors="0" timestamp="2023-09-26T10:15:52 IST" skipped="0">
  <testcase classname="testcase.HOMEpagetest" name="logovalidation" time="42.445"/>
  <testcase classname="testcase.HOMEpagetest" name="titlevalidation" time="67.274"/>
</testsuite> <!-- testcase.HOMEpagetest -->
